This is pdfTeX, Version 3.14159265-2.6-1.40.20 (TeX Live 2019) (preloaded format=pdflatex 2020.3.28)  27 MAY 2020 10:08
entering extended mode
 restricted \write18 enabled.
 %&-line parsing enabled.
**main.tex
(./main.tex
LaTeX2e <2018-12-01>
(/usr/local/texlive/2019/texmf-dist/tex/latex/base/article.cls
Document Class: article 2018/09/03 v1.4i Standard LaTeX document class
(/usr/local/texlive/2019/texmf-dist/tex/latex/base/size12.clo
File: size12.clo 2018/09/03 v1.4i Standard LaTeX file (size option)
)
\c@part=\count80
\c@section=\count81
\c@subsection=\count82
\c@subsubsection=\count83
\c@paragraph=\count84
\c@subparagraph=\count85
\c@figure=\count86
\c@table=\count87
\abovecaptionskip=\skip41
\belowcaptionskip=\skip42
\bibindent=\dimen102
) (/usr/local/texlive/2019/texmf-dist/tex/latex/geometry/geometry.sty
Package: geometry 2018/04/16 v5.8 Page Geometry
(/usr/local/texlive/2019/texmf-dist/tex/latex/graphics/keyval.sty
Package: keyval 2014/10/28 v1.15 key=value parser (DPC)
\KV@toks@=\toks14
) (/usr/local/texlive/2019/texmf-dist/tex/generic/oberdiek/ifpdf.sty
Package: ifpdf 2018/09/07 v3.3 Provides the ifpdf switch
) (/usr/local/texlive/2019/texmf-dist/tex/generic/oberdiek/ifvtex.sty
Package: ifvtex 2016/05/16 v1.6 Detect VTeX and its facilities (HO)
Package ifvtex Info: VTeX not detected.
) (/usr/local/texlive/2019/texmf-dist/tex/generic/ifxetex/ifxetex.sty
Package: ifxetex 2010/09/12 v0.6 Provides ifxetex conditional
)
\Gm@cnth=\count88
\Gm@cntv=\count89
\c@Gm@tempcnt=\count90
\Gm@bindingoffset=\dimen103
\Gm@wd@mp=\dimen104
\Gm@odd@mp=\dimen105
\Gm@even@mp=\dimen106
\Gm@layoutwidth=\dimen107
\Gm@layoutheight=\dimen108
\Gm@layouthoffset=\dimen109
\Gm@layoutvoffset=\dimen110
\Gm@dimlist=\toks15
) (/usr/local/texlive/2019/texmf-dist/tex/latex/jknapltx/sans.sty) (/usr/local/
texlive/2019/texmf-dist/tex/latex/base/fontenc.sty
Package: fontenc 2018/08/11 v2.0j Standard LaTeX package
(/usr/local/texlive/2019/texmf-dist/tex/latex/base/t1enc.def
File: t1enc.def 2018/08/11 v2.0j Standard LaTeX file
LaTeX Font Info:    Redeclaring font encoding T1 on input line 48.
)
LaTeX Font Info:    Try loading font information for T1+cmss on input line 105.

(/usr/local/texlive/2019/texmf-dist/tex/latex/base/t1cmss.fd
File: t1cmss.fd 2014/09/29 v2.5h Standard LaTeX font definitions
)) (/usr/local/texlive/2019/texmf-dist/tex/latex/base/inputenc.sty
Package: inputenc 2018/08/11 v1.3c Input encoding file
\inpenc@prehook=\toks16
\inpenc@posthook=\toks17
) (/usr/local/texlive/2019/texmf-dist/tex/latex/abstract/abstract.sty
Package: abstract 2009/06/08 v1.2a configurable abstracts
\abstitleskip=\skip43
\absleftindent=\skip44
\absrightindent=\skip45
\absparindent=\skip46
\absparsep=\skip47
) (/usr/local/texlive/2019/texmf-dist/tex/latex/tools/longtable.sty
Package: longtable 2014/10/28 v4.11 Multi-page Table package (DPC)+ FMi change
\LTleft=\skip48
\LTright=\skip49
\LTpre=\skip50
\LTpost=\skip51
\LTchunksize=\count91
\LTcapwidth=\dimen111
\LT@head=\box27
\LT@firsthead=\box28
\LT@foot=\box29
\LT@lastfoot=\box30
\LT@cols=\count92
\LT@rows=\count93
\c@LT@tables=\count94
\c@LT@chunks=\count95
\LT@p@ftn=\toks18
) (/usr/local/texlive/2019/texmf-dist/tex/latex/booktabs/booktabs.sty
Package: booktabs 2016/04/27 v1.618033 publication quality tables
\heavyrulewidth=\dimen112
\lightrulewidth=\dimen113
\cmidrulewidth=\dimen114
\belowrulesep=\dimen115
\belowbottomsep=\dimen116
\aboverulesep=\dimen117
\abovetopsep=\dimen118
\cmidrulesep=\dimen119
\cmidrulekern=\dimen120
\defaultaddspace=\dimen121
\@cmidla=\count96
\@cmidlb=\count97
\@aboverulesep=\dimen122
\@belowrulesep=\dimen123
\@thisruleclass=\count98
\@lastruleclass=\count99
\@thisrulewidth=\dimen124
) (/usr/local/texlive/2019/texmf-dist/tex/latex/graphics/graphicx.sty
Package: graphicx 2017/06/01 v1.1a Enhanced LaTeX Graphics (DPC,SPQR)
(/usr/local/texlive/2019/texmf-dist/tex/latex/graphics/graphics.sty
Package: graphics 2017/06/25 v1.2c Standard LaTeX Graphics (DPC,SPQR)
(/usr/local/texlive/2019/texmf-dist/tex/latex/graphics/trig.sty
Package: trig 2016/01/03 v1.10 sin cos tan (DPC)
) (/usr/local/texlive/2019/texmf-dist/tex/latex/graphics-cfg/graphics.cfg
File: graphics.cfg 2016/06/04 v1.11 sample graphics configuration
)
Package graphics Info: Driver file: pdftex.def on input line 99.
(/usr/local/texlive/2019/texmf-dist/tex/latex/graphics-def/pdftex.def
File: pdftex.def 2018/01/08 v1.0l Graphics/color driver for pdftex
))
\Gin@req@height=\dimen125
\Gin@req@width=\dimen126
) (/usr/local/texlive/2019/texmf-dist/tex/latex/oberdiek/grffile.sty
Package: grffile 2017/06/30 v1.18 Extended file name support for graphics (HO)
(/usr/local/texlive/2019/texmf-dist/tex/latex/oberdiek/kvoptions.sty
Package: kvoptions 2016/05/16 v3.12 Key value format for package options (HO)
(/usr/local/texlive/2019/texmf-dist/tex/generic/oberdiek/ltxcmds.sty
Package: ltxcmds 2016/05/16 v1.23 LaTeX kernel commands for general use (HO)
) (/usr/local/texlive/2019/texmf-dist/tex/generic/oberdiek/kvsetkeys.sty
Package: kvsetkeys 2016/05/16 v1.17 Key value parser (HO)
(/usr/local/texlive/2019/texmf-dist/tex/generic/oberdiek/infwarerr.sty
Package: infwarerr 2016/05/16 v1.4 Providing info/warning/error messages (HO)
) (/usr/local/texlive/2019/texmf-dist/tex/generic/oberdiek/etexcmds.sty
Package: etexcmds 2016/05/16 v1.6 Avoid name clashes with e-TeX commands (HO)
(/usr/local/texlive/2019/texmf-dist/tex/generic/oberdiek/ifluatex.sty
Package: ifluatex 2016/05/16 v1.4 Provides the ifluatex switch (HO)
Package ifluatex Info: LuaTeX not detected.
)))) (/usr/local/texlive/2019/texmf-dist/tex/generic/oberdiek/pdftexcmds.sty
Package: pdftexcmds 2018/09/10 v0.29 Utility functions of pdfTeX for LuaTeX (HO
)
Package pdftexcmds Info: LuaTeX not detected.
Package pdftexcmds Info: \pdf@primitive is available.
Package pdftexcmds Info: \pdf@ifprimitive is available.
Package pdftexcmds Info: \pdfdraftmode found.
)
Package grffile Info: Option `multidot' is set to `true'.
Package grffile Info: Option `extendedchars' is set to `false'.
Package grffile Info: Option `space' is set to `true'.
Package grffile Info: \Gin@ii of package `graphicx' fixed on input line 494.
) (/usr/local/texlive/2019/texmf-dist/tex/latex/titlesec/titlesec.sty
Package: titlesec 2016/03/21 v2.10.2 Sectioning titles
\ttl@box=\box31
\beforetitleunit=\skip52
\aftertitleunit=\skip53
\ttl@plus=\dimen127
\ttl@minus=\dimen128
\ttl@toksa=\toks19
\titlewidth=\dimen129
\titlewidthlast=\dimen130
\titlewidthfirst=\dimen131
) (/usr/local/texlive/2019/texmf-dist/tex/latex/natbib/natbib.sty
Package: natbib 2010/09/13 8.31b (PWD, AO)
\bibhang=\skip54
\bibsep=\skip55
LaTeX Info: Redefining \cite on input line 694.
\c@NAT@ctr=\count100
) (/usr/local/texlive/2019/texmf-dist/tex/latex/underscore/underscore.sty
Package: underscore 2006/09/13
LaTeX Info: Redefining \_ on input line 42.
)
\c@hypothesis=\count101
(/usr/local/texlive/2019/texmf-dist/tex/latex/setspace/setspace.sty
Package: setspace 2011/12/19 v6.7a set line spacing
) (/usr/local/texlive/2019/texmf-dist/tex/latex/hyperref/hyperref.sty
Package: hyperref 2018/11/30 v6.88e Hypertext links for LaTeX
(/usr/local/texlive/2019/texmf-dist/tex/generic/oberdiek/hobsub-hyperref.sty
Package: hobsub-hyperref 2016/05/16 v1.14 Bundle oberdiek, subset hyperref (HO)

(/usr/local/texlive/2019/texmf-dist/tex/generic/oberdiek/hobsub-generic.sty
Package: hobsub-generic 2016/05/16 v1.14 Bundle oberdiek, subset generic (HO)
Package: hobsub 2016/05/16 v1.14 Construct package bundles (HO)
Package hobsub Info: Skipping package `infwarerr' (already loaded).
Package hobsub Info: Skipping package `ltxcmds' (already loaded).
Package hobsub Info: Skipping package `ifluatex' (already loaded).
Package hobsub Info: Skipping package `ifvtex' (already loaded).
Package: intcalc 2016/05/16 v1.2 Expandable calculations with integers (HO)
Package hobsub Info: Skipping package `ifpdf' (already loaded).
Package hobsub Info: Skipping package `etexcmds' (already loaded).
Package hobsub Info: Skipping package `kvsetkeys' (already loaded).
Package: kvdefinekeys 2016/05/16 v1.4 Define keys (HO)
Package hobsub Info: Skipping package `pdftexcmds' (already loaded).
Package: pdfescape 2016/05/16 v1.14 Implements pdfTeX's escape features (HO)
Package: bigintcalc 2016/05/16 v1.4 Expandable calculations on big integers (HO
)
Package: bitset 2016/05/16 v1.2 Handle bit-vector datatype (HO)
Package: uniquecounter 2016/05/16 v1.3 Provide unlimited unique counter (HO)
)
Package hobsub Info: Skipping package `hobsub' (already loaded).
Package: letltxmacro 2016/05/16 v1.5 Let assignment for LaTeX macros (HO)
Package: hopatch 2016/05/16 v1.3 Wrapper for package hooks (HO)
Package: xcolor-patch 2016/05/16 xcolor patch
Package: atveryend 2016/05/16 v1.9 Hooks at the very end of document (HO)
Package atveryend Info: \enddocument detected (standard20110627).
Package: atbegshi 2016/06/09 v1.18 At begin shipout hook (HO)
Package: refcount 2016/05/16 v3.5 Data extraction from label references (HO)
Package: hycolor 2016/05/16 v1.8 Color options for hyperref/bookmark (HO)
) (/usr/local/texlive/2019/texmf-dist/tex/latex/oberdiek/auxhook.sty
Package: auxhook 2016/05/16 v1.4 Hooks for auxiliary files (HO)
)
\@linkdim=\dimen132
\Hy@linkcounter=\count102
\Hy@pagecounter=\count103
(/usr/local/texlive/2019/texmf-dist/tex/latex/hyperref/pd1enc.def
File: pd1enc.def 2018/11/30 v6.88e Hyperref: PDFDocEncoding definition (HO)
Now handling font encoding PD1 ...
... no UTF-8 mapping file for font encoding PD1
)
\Hy@SavedSpaceFactor=\count104
(/usr/local/texlive/2019/texmf-dist/tex/latex/latexconfig/hyperref.cfg
File: hyperref.cfg 2002/06/06 v1.2 hyperref configuration of TeXLive
)
Package hyperref Info: Option `unicode' set `true' on input line 4393.
(/usr/local/texlive/2019/texmf-dist/tex/latex/hyperref/puenc.def
File: puenc.def 2018/11/30 v6.88e Hyperref: PDF Unicode definition (HO)
Now handling font encoding PU ...
... no UTF-8 mapping file for font encoding PU
)
Package hyperref Info: Hyper figures OFF on input line 4519.
Package hyperref Info: Link nesting OFF on input line 4524.
Package hyperref Info: Hyper index ON on input line 4527.
Package hyperref Info: Plain pages OFF on input line 4534.
Package hyperref Info: Backreferencing OFF on input line 4539.
Package hyperref Info: Implicit mode ON; LaTeX internals redefined.
Package hyperref Info: Bookmarks ON on input line 4772.
\c@Hy@tempcnt=\count105
(/usr/local/texlive/2019/texmf-dist/tex/latex/url/url.sty
\Urlmuskip=\muskip10
Package: url 2013/09/16  ver 3.4  Verb mode for urls, etc.
)
LaTeX Info: Redefining \url on input line 5125.
\XeTeXLinkMargin=\dimen133
\Fld@menulength=\count106
\Field@Width=\dimen134
\Fld@charsize=\dimen135
Package hyperref Info: Hyper figures OFF on input line 6380.
Package hyperref Info: Link nesting OFF on input line 6385.
Package hyperref Info: Hyper index ON on input line 6388.
Package hyperref Info: backreferencing OFF on input line 6395.
Package hyperref Info: Link coloring OFF on input line 6400.
Package hyperref Info: Link coloring with OCG OFF on input line 6405.
Package hyperref Info: PDF/A mode OFF on input line 6410.
LaTeX Info: Redefining \ref on input line 6450.
LaTeX Info: Redefining \pageref on input line 6454.
\Hy@abspage=\count107
\c@Item=\count108
\c@Hfootnote=\count109
)
Package hyperref Info: Driver (autodetected): hpdftex.
(/usr/local/texlive/2019/texmf-dist/tex/latex/hyperref/hpdftex.def
File: hpdftex.def 2018/11/30 v6.88e Hyperref driver for pdfTeX
\Fld@listcount=\count110
\c@bookmark@seq@number=\count111
(/usr/local/texlive/2019/texmf-dist/tex/latex/oberdiek/rerunfilecheck.sty
Package: rerunfilecheck 2016/05/16 v1.8 Rerun checks for auxiliary files (HO)
Package uniquecounter Info: New unique counter `rerunfilecheck' on input line 2
82.
)
\Hy@SectionHShift=\skip56
) (/usr/local/texlive/2019/texmf-dist/tex/latex/graphics/color.sty
Package: color 2016/07/10 v1.1e Standard LaTeX Color (DPC)
(/usr/local/texlive/2019/texmf-dist/tex/latex/graphics-cfg/color.cfg
File: color.cfg 2016/01/02 v1.6 sample color configuration
)
Package color Info: Driver file: pdftex.def on input line 147.
(/usr/local/texlive/2019/texmf-dist/tex/latex/graphics/dvipsnam.def
File: dvipsnam.def 2016/06/17 v3.0m Driver-dependent file (DPC,SPQR)
))
Package hyperref Info: Option `breaklinks' set `true' on input line 106.

Package hyperref Warning: Option `bookmarks' has already been used,
(hyperref)                setting the option has no effect on input line 106.


Package hyperref Warning: Token not allowed in a PDF string (Unicode):
(hyperref)                removing `\begingroup' on input line 106.


Package hyperref Warning: Token not allowed in a PDF string (Unicode):
(hyperref)                removing `\catcode' on input line 106.


Package hyperref Warning: Token not allowed in a PDF string (Unicode):
(hyperref)                removing `\active' on input line 106.


Package hyperref Warning: Token not allowed in a PDF string (Unicode):
(hyperref)                removing `\<def>-command' on input line 106.


Package hyperref Warning: Token not allowed in a PDF string (Unicode):
(hyperref)                removing `\csname\endcsname' on input line 106.


Package hyperref Warning: Token not allowed in a PDF string (Unicode):
(hyperref)                removing `\catcode' on input line 106.


Package hyperref Warning: Token not allowed in a PDF string (Unicode):
(hyperref)                removing `\active' on input line 106.


Package hyperref Warning: Token not allowed in a PDF string (Unicode):
(hyperref)                removing `\<let>-command' on input line 106.


Package hyperref Warning: Token not allowed in a PDF string (Unicode):
(hyperref)                removing `\csname\endcsname' on input line 106.


Package hyperref Warning: Token not allowed in a PDF string (Unicode):
(hyperref)                removing `\<let>-command' on input line 106.


Package hyperref Warning: Token not allowed in a PDF string (Unicode):
(hyperref)                removing `\%' on input line 106.


Package hyperref Warning: Token not allowed in a PDF string (Unicode):
(hyperref)                removing `\catcode' on input line 106.


Package hyperref Warning: Token not allowed in a PDF string (Unicode):
(hyperref)                removing `\active' on input line 106.


Package hyperref Warning: Token not allowed in a PDF string (Unicode):
(hyperref)                removing `\<def>-command' on input line 106.


Package hyperref Warning: Token not allowed in a PDF string (Unicode):
(hyperref)                removing `\csname\endcsname' on input line 106.


Package hyperref Warning: Token not allowed in a PDF string (Unicode):
(hyperref)                removing `\<def>-command' on input line 106.


Package hyperref Warning: Token not allowed in a PDF string (Unicode):
(hyperref)                removing `\#' on input line 106.


Package hyperref Warning: Token not allowed in a PDF string (Unicode):
(hyperref)                removing `\catcode' on input line 106.


Package hyperref Warning: Token not allowed in a PDF string (Unicode):
(hyperref)                removing `\<def>-command' on input line 106.


Package hyperref Warning: Token not allowed in a PDF string (Unicode):
(hyperref)                removing `\csname\endcsname' on input line 106.


Package hyperref Warning: Token not allowed in a PDF string (Unicode):
(hyperref)                removing `\<def>-command' on input line 106.


Package hyperref Warning: Token not allowed in a PDF string (Unicode):
(hyperref)                removing `\&' on input line 106.


Package hyperref Warning: Token not allowed in a PDF string (Unicode):
(hyperref)                removing `\<def>-command' on input line 106.


Package hyperref Warning: Token not allowed in a PDF string (Unicode):
(hyperref)                removing `\textunderscore' on input line 106.


Package hyperref Warning: Token not allowed in a PDF string (Unicode):
(hyperref)                removing `\<let>-command' on input line 106.


Package hyperref Warning: Token not allowed in a PDF string (Unicode):
(hyperref)                removing `\_' on input line 106.


Package hyperref Warning: Token not allowed in a PDF string (Unicode):
(hyperref)                removing `\catcode' on input line 106.


Package hyperref Warning: Token not allowed in a PDF string (Unicode):
(hyperref)                removing `\active' on input line 106.


Package hyperref Warning: Token not allowed in a PDF string (Unicode):
(hyperref)                removing `\<let>-command' on input line 106.


Package hyperref Warning: Token not allowed in a PDF string (Unicode):
(hyperref)                removing `\csname\endcsname' on input line 106.


Package hyperref Warning: Token not allowed in a PDF string (Unicode):
(hyperref)                removing `\<let>-command' on input line 106.


Package hyperref Warning: Token not allowed in a PDF string (Unicode):
(hyperref)                removing `\csname\endcsname' on input line 106.


Package hyperref Warning: Token not allowed in a PDF string (Unicode):
(hyperref)                removing `\<let>-command' on input line 106.


Package hyperref Warning: Token not allowed in a PDF string (Unicode):
(hyperref)                removing `\~' on input line 106.


Package hyperref Warning: Token not allowed in a PDF string (Unicode):
(hyperref)                removing `\<let>-command' on input line 106.


Package hyperref Warning: Token not allowed in a PDF string (Unicode):
(hyperref)                removing `\textasciitilde' on input line 106.


Package hyperref Warning: Token not allowed in a PDF string (Unicode):
(hyperref)                removing `\<let>-command' on input line 106.


Package hyperref Warning: Token not allowed in a PDF string (Unicode):
(hyperref)                removing `\\' on input line 106.


Package hyperref Warning: Token not allowed in a PDF string (Unicode):
(hyperref)                removing `\<def>-command' on input line 106.


Package hyperref Warning: Token not allowed in a PDF string (Unicode):
(hyperref)                removing `\csname\endcsname' on input line 106.


Package hyperref Warning: Token not allowed in a PDF string (Unicode):
(hyperref)                removing `\<def>-command' on input line 106.


Package hyperref Warning: Token not allowed in a PDF string (Unicode):
(hyperref)                removing `\Hy@tempa' on input line 106.


Package hyperref Warning: Token not allowed in a PDF string (Unicode):
(hyperref)                removing `\<def>-command' on input line 106.


Package hyperref Warning: Token not allowed in a PDF string (Unicode):
(hyperref)                removing `\Hy@tempa' on input line 106.

Package hyperref Info: Option `colorlinks' set `true' on input line 106.
(/usr/local/texlive/2019/texmf-dist/tex/latex/amsmath/amsmath.sty
Package: amsmath 2018/12/01 v2.17b AMS math features
\@mathmargin=\skip57
For additional information on amsmath, use the `?' option.
(/usr/local/texlive/2019/texmf-dist/tex/latex/amsmath/amstext.sty
Package: amstext 2000/06/29 v2.01 AMS text
(/usr/local/texlive/2019/texmf-dist/tex/latex/amsmath/amsgen.sty
File: amsgen.sty 1999/11/30 v2.0 generic functions
\@emptytoks=\toks20
\ex@=\dimen136
)) (/usr/local/texlive/2019/texmf-dist/tex/latex/amsmath/amsbsy.sty
Package: amsbsy 1999/11/29 v1.2d Bold Symbols
\pmbraise@=\dimen137
) (/usr/local/texlive/2019/texmf-dist/tex/latex/amsmath/amsopn.sty
Package: amsopn 2016/03/08 v2.02 operator names
)
\inf@bad=\count112
LaTeX Info: Redefining \frac on input line 223.
\uproot@=\count113
\leftroot@=\count114
LaTeX Info: Redefining \overline on input line 385.
\classnum@=\count115
\DOTSCASE@=\count116
LaTeX Info: Redefining \ldots on input line 482.
LaTeX Info: Redefining \dots on input line 485.
LaTeX Info: Redefining \cdots on input line 606.
\Mathstrutbox@=\box32
\strutbox@=\box33
\big@size=\dimen138
LaTeX Font Info:    Redeclaring font encoding OML on input line 729.
LaTeX Font Info:    Redeclaring font encoding OMS on input line 730.
\macc@depth=\count117
\c@MaxMatrixCols=\count118
\dotsspace@=\muskip11
\c@parentequation=\count119
\dspbrk@lvl=\count120
\tag@help=\toks21
\row@=\count121
\column@=\count122
\maxfields@=\count123
\andhelp@=\toks22
\eqnshift@=\dimen139
\alignsep@=\dimen140
\tagshift@=\dimen141
\tagwidth@=\dimen142
\totwidth@=\dimen143
\lineht@=\dimen144
\@envbody=\toks23
\multlinegap=\skip58
\multlinetaggap=\skip59
\mathdisplay@stack=\toks24
LaTeX Info: Redefining \[ on input line 2844.
LaTeX Info: Redefining \] on input line 2845.
) (/usr/local/texlive/2019/texmf-dist/tex/latex/tools/array.sty
Package: array 2018/12/30 v2.4k Tabular extension package (FMi)
\col@sep=\dimen145
\ar@mcellbox=\box34
\extrarowheight=\dimen146
\NC@list=\toks25
\extratabsurround=\skip60
\backup@length=\skip61
\ar@cellbox=\box35
) (/usr/local/texlive/2019/texmf-dist/tex/latex/multirow/multirow.sty
Package: multirow 2019/01/01 v2.4 Span multiple rows of a table
\multirow@colwidth=\skip62
\multirow@cntb=\count124
\multirow@dima=\skip63
\bigstrutjot=\dimen147
) (/usr/local/texlive/2019/texmf-dist/tex/latex/wrapfig/wrapfig.sty
\wrapoverhang=\dimen148
\WF@size=\dimen149
\c@WF@wrappedlines=\count125
\WF@box=\box36
\WF@everypar=\toks26
Package: wrapfig 2003/01/31  v 3.6
) (/usr/local/texlive/2019/texmf-dist/tex/latex/float/float.sty
Package: float 2001/11/08 v1.3d Float enhancements (AL)
\c@float@type=\count126
\float@exts=\toks27
\float@box=\box37
\@float@everytoks=\toks28
\@floatcapt=\box38
) (/usr/local/texlive/2019/texmf-dist/tex/latex/colortbl/colortbl.sty
Package: colortbl 2018/12/12 v1.0d Color table columns (DPC)
\everycr=\toks29
\minrowclearance=\skip64
) (/usr/local/texlive/2019/texmf-dist/tex/latex/oberdiek/pdflscape.sty
Package: pdflscape 2016/05/14 v0.11 Display of landscape pages in PDF (HO)
(/usr/local/texlive/2019/texmf-dist/tex/latex/graphics/lscape.sty
Package: lscape 2000/10/22 v3.01 Landscape Pages (DPC)
)
Package pdflscape Info: Auto-detected driver: pdftex on input line 81.
) (/usr/local/texlive/2019/texmf-dist/tex/latex/tabu/tabu.sty
Package: tabu 2019/01/11 v2.9 - flexible LaTeX tabulars (FC+tabu-fixed)
(/usr/local/texlive/2019/texmf-dist/tex/latex/varwidth/varwidth.sty
Package: varwidth 2009/03/30 ver 0.92;  Variable-width minipages
\@vwid@box=\box39
\sift@deathcycles=\count127
\@vwid@loff=\dimen150
\@vwid@roff=\dimen151
)
\c@taburow=\count128
\tabu@nbcols=\count129
\tabu@cnt=\count130
\tabu@Xcol=\count131
\tabu@alloc=\count132
\tabu@nested=\count133
\tabu@target=\dimen152
\tabu@spreadtarget=\dimen153
\tabu@naturalX=\dimen154
\tabucolX=\dimen155
\tabu@Xsum=\dimen156
\extrarowdepth=\dimen157
\abovetabulinesep=\dimen158
\belowtabulinesep=\dimen159
\tabustrutrule=\dimen160
\tabu@thebody=\toks30
\tabu@footnotes=\toks31
\tabu@box=\box40
\tabu@arstrutbox=\box41
\tabu@hleads=\box42
\tabu@vleads=\box43
\tabu@cellskip=\skip65
)
(/usr/local/texlive/2019/texmf-dist/tex/latex/threeparttable/threeparttable.sty
Package: threeparttable 2003/06/13  v 3.0
\@tempboxb=\box44
)
(/usr/local/texlive/2019/texmf-dist/tex/latex/threeparttablex/threeparttablex.s
ty
Package: threeparttablex 2013/07/23 v0.3 by daleif
(/usr/local/texlive/2019/texmf-dist/tex/latex/environ/environ.sty
Package: environ 2014/05/04 v0.3 A new way to define environments
(/usr/local/texlive/2019/texmf-dist/tex/latex/trimspaces/trimspaces.sty
Package: trimspaces 2009/09/17 v1.1 Trim spaces around a token list
))
\TPTL@width=\skip66
) (/usr/local/texlive/2019/texmf-dist/tex/generic/ulem/ulem.sty
\UL@box=\box45
\UL@hyphenbox=\box46
\UL@skip=\skip67
\UL@hook=\toks32
\UL@height=\dimen161
\UL@pe=\count134
\UL@pixel=\dimen162
\ULC@box=\box47
Package: ulem 2012/05/18
\ULdepth=\dimen163
) (/usr/local/texlive/2019/texmf-dist/tex/latex/makecell/makecell.sty
Package: makecell 2009/08/03 V0.1e Managing of Tab Column Heads and Cells
\rotheadsize=\dimen164
\c@nlinenum=\count135
\TeXr@lab=\toks33
) (/usr/local/texlive/2019/texmf-dist/tex/latex/xcolor/xcolor.sty
Package: xcolor 2016/05/11 v2.12 LaTeX color extensions (UK)
(/usr/local/texlive/2019/texmf-dist/tex/latex/graphics-cfg/color.cfg
File: color.cfg 2016/01/02 v1.6 sample color configuration
)
Package xcolor Info: Driver file: pdftex.def on input line 225.
LaTeX Info: Redefining \color on input line 709.
Package xcolor Info: Model `cmy' substituted by `cmy0' on input line 1348.
Package xcolor Info: Model `hsb' substituted by `rgb' on input line 1352.
Package xcolor Info: Model `RGB' extended on input line 1364.
Package xcolor Info: Model `HTML' substituted by `rgb' on input line 1366.
Package xcolor Info: Model `Hsb' substituted by `hsb' on input line 1367.
Package xcolor Info: Model `tHsb' substituted by `hsb' on input line 1368.
Package xcolor Info: Model `HSB' substituted by `hsb' on input line 1369.
Package xcolor Info: Model `Gray' substituted by `gray' on input line 1370.
Package xcolor Info: Model `wave' substituted by `hsb' on input line 1371.
) (./main.aux

LaTeX Warning: Label `tab:hyperparam' multiply defined.


LaTeX Warning: Label `tab:hyperparam' multiply defined.

)
\openout1 = `main.aux'.

LaTeX Font Info:    Checking defaults for OML/cmm/m/it on input line 135.
LaTeX Font Info:    ... okay on input line 135.
LaTeX Font Info:    Checking defaults for T1/cmr/m/n on input line 135.
LaTeX Font Info:    ... okay on input line 135.
LaTeX Font Info:    Checking defaults for OT1/cmr/m/n on input line 135.
LaTeX Font Info:    ... okay on input line 135.
LaTeX Font Info:    Checking defaults for OMS/cmsy/m/n on input line 135.
LaTeX Font Info:    ... okay on input line 135.
LaTeX Font Info:    Checking defaults for OMX/cmex/m/n on input line 135.
LaTeX Font Info:    ... okay on input line 135.
LaTeX Font Info:    Checking defaults for U/cmr/m/n on input line 135.
LaTeX Font Info:    ... okay on input line 135.
LaTeX Font Info:    Checking defaults for PD1/pdf/m/n on input line 135.
LaTeX Font Info:    ... okay on input line 135.
LaTeX Font Info:    Checking defaults for PU/pdf/m/n on input line 135.
LaTeX Font Info:    ... okay on input line 135.
*geometry* driver: auto-detecting
*geometry* detected driver: pdftex
*geometry* verbose mode - [ preamble ] result:
* driver: pdftex
* paper: a4paper
* layout: <same size as paper>
* layoutoffset:(h,v)=(0.0pt,0.0pt)
* modes: 
* h-part:(L,W,R)=(72.26999pt, 452.9679pt, 72.26999pt)
* v-part:(T,H,B)=(72.26999pt, 700.50687pt, 72.26999pt)
* \paperwidth=597.50787pt
* \paperheight=845.04684pt
* \textwidth=452.9679pt
* \textheight=700.50687pt
* \oddsidemargin=0.0pt
* \evensidemargin=0.0pt
* \topmargin=-37.0pt
* \headheight=12.0pt
* \headsep=25.0pt
* \topskip=12.0pt
* \footskip=30.0pt
* \marginparwidth=35.0pt
* \marginparsep=10.0pt
* \columnsep=10.0pt
* \skip\footins=10.8pt plus 4.0pt minus 2.0pt
* \hoffset=0.0pt
* \voffset=0.0pt
* \mag=1000
* \@twocolumnfalse
* \@twosidefalse
* \@mparswitchfalse
* \@reversemarginfalse
* (1in=72.27pt=25.4mm, 1cm=28.453pt)

(/usr/local/texlive/2019/texmf-dist/tex/context/base/mkii/supp-pdf.mkii
[Loading MPS to PDF converter (version 2006.09.02).]
\scratchcounter=\count136
\scratchdimen=\dimen165
\scratchbox=\box48
\nofMPsegments=\count137
\nofMParguments=\count138
\everyMPshowfont=\toks34
\MPscratchCnt=\count139
\MPscratchDim=\dimen166
\MPnumerator=\count140
\makeMPintoPDFobject=\count141
\everyMPtoPDFconversion=\toks35
) (/usr/local/texlive/2019/texmf-dist/tex/latex/oberdiek/epstopdf-base.sty
Package: epstopdf-base 2016/05/15 v2.6 Base part for package epstopdf
(/usr/local/texlive/2019/texmf-dist/tex/latex/oberdiek/grfext.sty
Package: grfext 2016/05/16 v1.2 Manage graphics extensions (HO)
)
Package epstopdf-base Info: Redefining graphics rule for `.eps' on input line 4
38.
Package grfext Info: Graphics extension search list:
(grfext)             [.pdf,.png,.jpg,.mps,.jpeg,.jbig2,.jb2,.PDF,.PNG,.JPG,.JPE
G,.JBIG2,.JB2,.eps]
(grfext)             \AppendGraphicsExtensions on input line 456.
(/usr/local/texlive/2019/texmf-dist/tex/latex/latexconfig/epstopdf-sys.cfg
File: epstopdf-sys.cfg 2010/07/13 v1.3 Configuration of (r)epstopdf for TeX Liv
e
))
\AtBeginShipoutBox=\box49
Package hyperref Info: Link coloring ON on input line 135.
(/usr/local/texlive/2019/texmf-dist/tex/latex/hyperref/nameref.sty
Package: nameref 2016/05/21 v2.44 Cross-referencing by name of section
(/usr/local/texlive/2019/texmf-dist/tex/generic/oberdiek/gettitlestring.sty
Package: gettitlestring 2016/05/16 v1.5 Cleanup title references (HO)
)
\c@section@level=\count142
)
LaTeX Info: Redefining \ref on input line 135.
LaTeX Info: Redefining \pageref on input line 135.
LaTeX Info: Redefining \nameref on input line 135.
(./main.out) (./main.out)
\@outlinefile=\write3
\openout3 = `main.out'.


LaTeX Font Warning: Font shape `T1/cmss/m/n' in size <18> not available
(Font)              size <17.28> substituted on input line 144.


LaTeX Font Warning: Font shape `T1/cmss/m/it' in size <18> not available
(Font)              size <17.28> substituted on input line 146.


LaTeX Font Warning: Font shape `T1/cmss/bx/n' in size <18> not available
(Font)              size <17.28> substituted on input line 146.

LaTeX Font Info:    Try loading font information for T1+phv on input line 151.
(/usr/local/texlive/2019/texmf-dist/tex/latex/psnfss/t1phv.fd
File: t1phv.fd 2001/06/04 scalable font definitions for T1/phv.
)
LaTeX Font Info:    Font shape `T1/phv/bx/n' in size <11> not available
(Font)              Font shape `T1/phv/b/n' tried instead on input line 151.

Package natbib Warning: Citation `Nalley:2016jp' on page 1 undefined on input l
ine 185.


Package natbib Warning: Citation `haas2009genome' on page 1 undefined on input 
line 185.


Package natbib Warning: Citation `Yuliar:2015hp' on page 1 undefined on input l
ine 185.


Package natbib Warning: Citation `Franceschetti:2017gc' on page 1 undefined on 
input line 185.


Package natbib Warning: Citation `Sperschneider:2015kb' on page 1 undefined on 
input line 185.


Package natbib Warning: Citation `Savojardo:2017eq' on page 1 undefined on inpu
t line 187.


Package natbib Warning: Citation `Jurtz:2017cr' on page 1 undefined on input li
ne 187.


Package natbib Warning: Citation `Sperschneider:2018gc' on page 1 undefined on 
input line 191.

[1

{/usr/local/texlive/2019/texmf-var/fonts/map/pdftex/updmap/pdftex.map}]

Package natbib Warning: Citation `Urban:2017gp' on page 2 undefined on input li
ne 195.


Package natbib Warning: Citation `smedley2009' on page 2 undefined on input lin
e 203.


Package natbib Warning: Citation `camachoblast2009' on page 2 undefined on inpu
t line 203.

<figures/flowchart_effectorsequence_collection.pdf, id=114, 317.687pt x 621.070
37pt>
File: figures/flowchart_effectorsequence_collection.pdf Graphic file (type pdf)

<use figures/flowchart_effectorsequence_collection.pdf>
Package pdftex.def Info: figures/flowchart_effectorsequence_collection.pdf  use
d on input line 207.
(pdftex.def)             Requested size: 226.49005pt x 442.78258pt.
<figures/flowchart_secreted_noneffectorsequence_collection.pdf, id=115, 649.768
84pt x 637.63219pt>
File: figures/flowchart_secreted_noneffectorsequence_collection.pdf Graphic fil
e (type pdf)
<use figures/flowchart_secreted_noneffectorsequence_collection.pdf>
Package pdftex.def Info: figures/flowchart_secreted_noneffectorsequence_collect
ion.pdf  used on input line 216.
(pdftex.def)             Requested size: 452.97113pt x 444.51035pt.

Overfull \hbox (6.0189pt too wide) in paragraph at lines 223--224
\T1/cmss/m/n/12 TeamMacLean / ruth -[] e^^[ectors -[] prediction / blob / maste
r / scripts / r -[] scripts / getting -[] secreted -[] data /
 []

[2] [3pdfTeX warning (ext4): destination with the same identifier (name{figure.
1}) has been already used, duplicate ignored

\AtBegShi@Output ...ipout \box \AtBeginShipoutBox 
                                                  \fi \fi 
l.229 
       <./figures/flowchart_effectorsequence_collection.pdf>] [4pdfTeX warning 
(ext4): destination with the same identifier (name{figure.2}) has been already 
used, duplicate ignored

\AtBegShi@Output ...ipout \box \AtBeginShipoutBox 
                                                  \fi \fi 
l.229 
       <./figures/flowchart_secreted_noneffectorsequence_collection.pdf>]
Overfull \hbox (6.6237pt too wide) in paragraph at lines 233--234
\T1/cmss/m/n/12 e^^[ectors -[] prediction / tree / master / scripts / python -[
] scripts / hyperparameter -[] scan -[] scripts$[][]. Fi-nal se-
 []


Overfull \hbox (3.89503pt too wide) in paragraph at lines 238--239
\T1/cmss/m/n/12 prediction / tree / master / scripts / r -[] scripts / model -[
] scripts / multi -[] class / secreted _ data$[][]. Once each
 []

[5] [6] [7] [8]
<figures/model_arch.png, id=275, 542.025pt x 782.925pt>
File: figures/model_arch.png Graphic file (type png)
<use figures/model_arch.png>
Package pdftex.def Info: figures/model_arch.png  used on input line 373.
(pdftex.def)             Requested size: 452.98212pt x 654.30751pt.

LaTeX Warning: Float too large for page by 9.6334pt on input line 375.

<figures/final_train_progress.png, id=276, 542.025pt x 782.925pt>
File: figures/final_train_progress.png Graphic file (type png)
<use figures/final_train_progress.png>
Package pdftex.def Info: figures/final_train_progress.png  used on input line 3
79.
(pdftex.def)             Requested size: 452.98212pt x 654.30751pt.

LaTeX Warning: Float too large for page by 24.1334pt on input line 381.

<main_files/figure-latex/overallmodel-1.pdf, id=277, 453.695pt x 313.17pt>
File: main_files/figure-latex/overallmodel-1.pdf Graphic file (type pdf)
<use main_files/figure-latex/overallmodel-1.pdf>
Package pdftex.def Info: main_files/figure-latex/overallmodel-1.pdf  used on in
put line 385.
(pdftex.def)             Requested size: 452.9739pt x 312.67224pt.
<figures/final_confusion.png, id=278, 542.025pt x 782.925pt>
File: figures/final_confusion.png Graphic file (type png)
<use figures/final_confusion.png>
Package pdftex.def Info: figures/final_confusion.png  used on input line 391.
(pdftex.def)             Requested size: 452.98212pt x 654.30751pt.

LaTeX Warning: Float too large for page by 24.1334pt on input line 393.

<figures/drafts.png, id=279, 542.025pt x 782.925pt>
File: figures/drafts.png Graphic file (type png)
<use figures/drafts.png>
Package pdftex.def Info: figures/drafts.png  used on input line 397.
(pdftex.def)             Requested size: 452.98212pt x 654.30751pt.

LaTeX Warning: Float too large for page by 24.1334pt on input line 399.

<main_files/figure-latex/ensembleresults-1.pdf, id=280, 453.695pt x 313.17pt>
File: main_files/figure-latex/ensembleresults-1.pdf Graphic file (type pdf)
<use main_files/figure-latex/ensembleresults-1.pdf>
Package pdftex.def Info: main_files/figure-latex/ensembleresults-1.pdf  used on
 input line 403.
(pdftex.def)             Requested size: 452.9739pt x 312.67224pt.
<main_files/figure-latex/vsothersmetrics-1.pdf, id=281, 453.695pt x 313.17pt>
File: main_files/figure-latex/vsothersmetrics-1.pdf Graphic file (type pdf)
<use main_files/figure-latex/vsothersmetrics-1.pdf>
Package pdftex.def Info: main_files/figure-latex/vsothersmetrics-1.pdf  used on
 input line 409.
(pdftex.def)             Requested size: 452.9739pt x 312.67224pt.
<figures/cf_other_tools.png, id=282, 542.025pt x 782.925pt>
File: figures/cf_other_tools.png Graphic file (type png)
<use figures/cf_other_tools.png>
Package pdftex.def Info: figures/cf_other_tools.png  used on input line 415.
(pdftex.def)             Requested size: 452.98212pt x 654.30751pt.

LaTeX Warning: Float too large for page by 24.1334pt on input line 417.

<figures/convolution_maps.png, id=283, 542.025pt x 782.925pt>
File: figures/convolution_maps.png Graphic file (type png)
<use figures/convolution_maps.png>
Package pdftex.def Info: figures/convolution_maps.png  used on input line 421.
(pdftex.def)             Requested size: 452.98212pt x 654.30751pt.

LaTeX Warning: Float too large for page by 38.6334pt on input line 423.

[9] [10pdfTeX warning (ext4): destination with the same identifier (name{figure
.3}) has been already used, duplicate ignored

\AtBegShi@Output ...ipout \box \AtBeginShipoutBox 
                                                  \fi \fi 
l.428 \newpage
               <./figures/model_arch.png>] [11pdfTeX warning (ext4): destinatio
n with the same identifier (name{figure.4}) has been already used, duplicate ig
nored

\AtBegShi@Output ...ipout \box \AtBeginShipoutBox 
                                                  \fi \fi 
l.428 \newpage
               <./figures/final_train_progress.png>] [12pdfTeX warning (ext4): 
destination with the same identifier (name{table.1}) has been already used, dup
licate ignored

\AtBegShi@Output ...ipout \box \AtBeginShipoutBox 
                                                  \fi \fi 
l.428 \newpage
              pdfTeX warning (ext4): destination with the same identifier (name
{figure.5}) has been already used, duplicate ignored

\AtBegShi@Output ...ipout \box \AtBeginShipoutBox 
                                                  \fi \fi 
l.428 \newpage
               <./main_files/figure-latex/overallmodel-1.pdf>] [13pdfTeX warnin
g (ext4): destination with the same identifier (name{figure.6}) has been alread
y used, duplicate ignored

\AtBegShi@Output ...ipout \box \AtBeginShipoutBox 
                                                  \fi \fi 
l.428 \newpage
               <./figures/final_confusion.png>] [14pdfTeX warning (ext4): desti
nation with the same identifier (name{figure.7}) has been already used, duplica
te ignored

\AtBegShi@Output ...ipout \box \AtBeginShipoutBox 
                                                  \fi \fi 
l.428 \newpage
               <./figures/drafts.png>] [15pdfTeX warning (ext4): destination wi
th the same identifier (name{figure.8}) has been already used, duplicate ignore
d

\AtBegShi@Output ...ipout \box \AtBeginShipoutBox 
                                                  \fi \fi 
l.428 \newpage
               <./main_files/figure-latex/ensembleresults-1.pdf>] [16pdfTeX war
ning (ext4): destination with the same identifier (name{figure.9}) has been alr
eady used, duplicate ignored

\AtBegShi@Output ...ipout \box \AtBeginShipoutBox 
                                                  \fi \fi 
l.428 \newpage
               <./main_files/figure-latex/vsothersmetrics-1.pdf>] [17pdfTeX war
ning (ext4): destination with the same identifier (name{figure.10}) has been al
ready used, duplicate ignored

\AtBegShi@Output ...ipout \box \AtBeginShipoutBox 
                                                  \fi \fi 
l.428 \newpage
               <./figures/cf_other_tools.png>] [18pdfTeX warning (ext4): destin
ation with the same identifier (name{figure.11}) has been already used, duplica
te ignored

\AtBegShi@Output ...ipout \box \AtBeginShipoutBox 
                                                  \fi \fi 
l.428 \newpage
               <./figures/convolution_maps.png>]
Overfull \hbox (54.76627pt too wide) in paragraph at lines 552--567
 [] 
 []

[19pdfTeX warning (ext4): destination with the same identifier (name{table.2}) 
has been already used, duplicate ignored

\AtBegShi@Output ...ipout \box \AtBeginShipoutBox 
                                                  \fi \fi 
l.703 \addlinespace
                   ] [20] [21] [22pdfTeX warning (ext4): destination with the s
ame identifier (name{table.3}) has been already used, duplicate ignored

\AtBegShi@Output ...ipout \box \AtBeginShipoutBox 
                                                  \fi \fi 
l.781 \newpage
              pdfTeX warning (ext4): destination with the same identifier (name
{table.4}) has been already used, duplicate ignored

\AtBegShi@Output ...ipout \box \AtBeginShipoutBox 
                                                  \fi \fi 
l.781 \newpage
              pdfTeX warning (ext4): destination with the same identifier (name
{table.5}) has been already used, duplicate ignored

\AtBegShi@Output ...ipout \box \AtBeginShipoutBox 
                                                  \fi \fi 
l.781 \newpage
              ] [23pdfTeX warning (ext4): destination with the same identifier 
(name{table.6}) has been already used, duplicate ignored

\AtBegShi@Output ...ipout \box \AtBeginShipoutBox 
                                                  \fi \fi 
l.781 \newpage
              pdfTeX warning (ext4): destination with the same identifier (name
{table.7}) has been already used, duplicate ignored

\AtBegShi@Output ...ipout \box \AtBeginShipoutBox 
                                                  \fi \fi 
l.781 \newpage
              ] (./main.bbl)

Package natbib Warning: There were undefined citations.

Package atveryend Info: Empty hook `BeforeClearDocument' on input line 785.
[24]
Package atveryend Info: Empty hook `AfterLastShipout' on input line 785.
(./main.aux)
Package atveryend Info: Executing hook `AtVeryEndDocument' on input line 785.
Package atveryend Info: Executing hook `AtEndAfterFileList' on input line 785.
Package rerunfilecheck Info: File `main.out' has not changed.
(rerunfilecheck)             Checksum: C4B2CCF900B89C41F21E4CCA5B46A0F9;3304.

LaTeX Font Warning: Size substitutions with differences
(Font)              up to 0.72pt have occurred.


LaTeX Warning: There were multiply-defined labels.

Package atveryend Info: Empty hook `AtVeryVeryEnd' on input line 785.
 ) 
Here is how much of TeX's memory you used:
 12583 strings out of 492616
 176400 string characters out of 6129481
 315203 words of memory out of 5000000
 16208 multiletter control sequences out of 15000+600000
 21231 words of font info for 48 fonts, out of 8000000 for 9000
 1141 hyphenation exceptions out of 8191
 36i,12n,35p,2020b,468s stack positions out of 5000i,500n,10000p,200000b,80000s
{/usr/local/texlive/2019/texmf-dist/fonts/enc/dvips/cm-super/cm-super-t1.enc}
{/usr/local/texlive/2019/texmf-dist/fonts/enc/dvips/base/8r.enc}</usr/local/tex
live/2019/texmf-dist/fonts/type1/public/amsfonts/cm/cmex10.pfb></usr/local/texl
ive/2019/texmf-dist/fonts/type1/public/amsfonts/cm/cmmi12.pfb></usr/local/texli
ve/2019/texmf-dist/fonts/type1/public/amsfonts/cm/cmmi8.pfb></usr/local/texlive
/2019/texmf-dist/fonts/type1/public/amsfonts/cm/cmr12.pfb></usr/local/texlive/2
019/texmf-dist/fonts/type1/public/amsfonts/cm/cmr8.pfb></usr/local/texlive/2019
/texmf-dist/fonts/type1/public/amsfonts/cm/cmsy10.pfb></usr/local/texlive/2019/
texmf-dist/fonts/type1/public/cm-super/sfsi0700.pfb></usr/local/texlive/2019/te
xmf-dist/fonts/type1/public/cm-super/sfsi1095.pfb></usr/local/texlive/2019/texm
f-dist/fonts/type1/public/cm-super/sfsi1200.pfb></usr/local/texlive/2019/texmf-
dist/fonts/type1/public/cm-super/sfsi1728.pfb></usr/local/texlive/2019/texmf-di
st/fonts/type1/public/cm-super/sfss0700.pfb></usr/local/texlive/2019/texmf-dist
/fonts/type1/public/cm-super/sfss0800.pfb></usr/local/texlive/2019/texmf-dist/f
onts/type1/public/cm-super/sfss1000.pfb></usr/local/texlive/2019/texmf-dist/fon
ts/type1/public/cm-super/sfss1200.pfb></usr/local/texlive/2019/texmf-dist/fonts
/type1/public/cm-super/sfss1728.pfb></usr/local/texlive/2019/texmf-dist/fonts/t
ype1/public/cm-super/sfsx1200.pfb></usr/local/texlive/2019/texmf-dist/fonts/typ
e1/public/cm-super/sfsx1728.pfb></usr/local/texlive/2019/texmf-dist/fonts/type1
/urw/helvetic/uhvb8a.pfb>
Output written on main.pdf (24 pages, 849694 bytes).
PDF statistics:
 469 PDF objects out of 1000 (max. 8388607)
 397 compressed objects within 4 object streams
 104 named destinations out of 1000 (max. 500000)
 224 words of extra memory for PDF output out of 10000 (max. 10000000)

